#
# A fatal error has been detected by the Java Runtime Environment:
#
#  Internal Error (classFileParser.cpp:3161), pid=4806, tid=3064609648
#  Error: ShouldNotReachHere()
#
# JRE version: 6.0_22-b04
# Java VM: Java HotSpot(TM) Server VM (17.1-b03 mixed mode linux-x86 )
# If you would like to submit a bug report, please visit:
#   http://java.sun.com/webapps/bugreport/crash.jsp
#

---------------  T H R E A D  ---------------

Current thread (0x08d9b800):  JavaThread "Unknown thread" [_thread_in_vm, id=4812, stack(0xb6a53000,0xb6aa4000)]

Stack: [0xb6a53000,0xb6aa4000],  sp=0xb6aa2810,  free space=13eb6aa4000k
Native frames: (J=compiled Java code, j=interpreted, Vv=VM code, C=native code)
V  [libjvm.so+0x6a92d2]
V  [libjvm.so+0x2b290f]
V  [libjvm.so+0x24d35a]
V  [libjvm.so+0x253371]
V  [libjvm.so+0x63be6f]
V  [libjvm.so+0x63a115]
V  [libjvm.so+0x638fd6]
V  [libjvm.so+0x638c80]
V  [libjvm.so+0x63d5fa]
V  [libjvm.so+0x63d68c]
V  [libjvm.so+0x63d750]
V  [libjvm.so+0x63d539]
V  [libjvm.so+0x682c6a]
V  [libjvm.so+0x6842ef]
V  [libjvm.so+0x36f8ac]
V  [libjvm.so+0x66d06d]
V  [libjvm.so+0x3c75c6]
C  [java+0x305c]
C  [java+0x1942]  JavaMain+0x72
C  [libpthread.so.0+0x596e]


---------------  P R O C E S S  ---------------

Java Threads: ( => current thread )

Other Threads:

=>0x08d9b800 (exited) JavaThread "Unknown thread" [_thread_in_vm, id=4812, stack(0xb6a53000,0xb6aa4000)]

VM state:not at safepoint (not fully initialized)

VM Mutex/Monitor currently owned by a thread: None

Dynamic libraries:
08048000-08052000 r-xp 00000000 08:06 1970864    /usr/local/jdk1.6.0_22/bin/java
08052000-08053000 rwxp 00009000 08:06 1970864    /usr/local/jdk1.6.0_22/bin/java
08d95000-08dfb000 rwxp 00000000 00:00 0          [heap]
78469000-784df000 r-xs 00902000 08:06 1979949    /home/aneeshpu/tools/android-sdk-linux_x86/platforms/android-10/android.jar
784df000-784e0000 ---p 00000000 00:00 0 
784e0000-78560000 rwxp 00000000 00:00 0 
78560000-78561000 ---p 00000000 00:00 0 
78561000-785e9000 rwxp 00000000 00:00 0 
785e9000-78601000 rwxp 00000000 00:00 0 
78601000-78614000 rwxp 00000000 00:00 0 
78614000-78727000 rwxp 00000000 00:00 0 
78727000-7872f000 rwxp 00000000 00:00 0 
7872f000-78747000 rwxp 00000000 00:00 0 
78747000-7875a000 rwxp 00000000 00:00 0 
7875a000-7886c000 rwxp 00000000 00:00 0 
7886c000-78876000 rwxp 00000000 00:00 0 
78876000-788ff000 rwxp 00000000 00:00 0 
788ff000-79900000 rwxp 00000000 00:00 0 
79900000-7c900000 rwxp 00000000 00:00 0 
7c900000-7edb0000 rwxp 00000000 00:00 0 
7edb0000-a13b0000 rwxp 00000000 00:00 0 
a13b0000-a2600000 rwxp 00000000 00:00 0 
a2600000-b3900000 rwxp 00000000 00:00 0 
b390a000-b3913000 rwxp 00000000 00:00 0 
b3913000-b39ca000 rwxp 00000000 00:00 0 
b39ca000-b3c0a000 rwxp 00000000 00:00 0 
b3c0a000-b69ca000 rwxp 00000000 00:00 0 
b69ca000-b69d9000 r-xp 00000000 08:06 1969645    /usr/local/jdk1.6.0_22/jre/lib/i386/libzip.so
b69d9000-b69db000 rwxp 0000e000 08:06 1969645    /usr/local/jdk1.6.0_22/jre/lib/i386/libzip.so
b69db000-b69e5000 r-xp 00000000 08:06 539465     /lib/tls/i686/cmov/libnss_files-2.11.1.so
b69e5000-b69e6000 r-xp 00009000 08:06 539465     /lib/tls/i686/cmov/libnss_files-2.11.1.so
b69e6000-b69e7000 rwxp 0000a000 08:06 539465     /lib/tls/i686/cmov/libnss_files-2.11.1.so
b69e7000-b69ef000 r-xp 00000000 08:06 539467     /lib/tls/i686/cmov/libnss_nis-2.11.1.so
b69ef000-b69f0000 r-xp 00007000 08:06 539467     /lib/tls/i686/cmov/libnss_nis-2.11.1.so
b69f0000-b69f1000 rwxp 00008000 08:06 539467     /lib/tls/i686/cmov/libnss_nis-2.11.1.so
b69f1000-b69f7000 r-xp 00000000 08:06 539463     /lib/tls/i686/cmov/libnss_compat-2.11.1.so
b69f7000-b69f8000 r-xp 00006000 08:06 539463     /lib/tls/i686/cmov/libnss_compat-2.11.1.so
b69f8000-b69f9000 rwxp 00007000 08:06 539463     /lib/tls/i686/cmov/libnss_compat-2.11.1.so
b69f9000-b6a0c000 r-xp 00000000 08:06 539462     /lib/tls/i686/cmov/libnsl-2.11.1.so
b6a0c000-b6a0d000 r-xp 00012000 08:06 539462     /lib/tls/i686/cmov/libnsl-2.11.1.so
b6a0d000-b6a0e000 rwxp 00013000 08:06 539462     /lib/tls/i686/cmov/libnsl-2.11.1.so
b6a0e000-b6a10000 rwxp 00000000 00:00 0 
b6a1d000-b6a25000 rwxs 00000000 08:06 2369785    /tmp/hsperfdata_aneeshpu/4806
b6a25000-b6a48000 r-xp 00000000 08:06 1969641    /usr/local/jdk1.6.0_22/jre/lib/i386/libjava.so
b6a48000-b6a4a000 rwxp 00023000 08:06 1969641    /usr/local/jdk1.6.0_22/jre/lib/i386/libjava.so
b6a4a000-b6a51000 r-xp 00000000 08:06 550652     /lib/tls/i686/cmov/librt-2.11.1.so
b6a51000-b6a52000 r-xp 00006000 08:06 550652     /lib/tls/i686/cmov/librt-2.11.1.so
b6a52000-b6a53000 rwxp 00007000 08:06 550652     /lib/tls/i686/cmov/librt-2.11.1.so
b6a53000-b6a56000 ---p 00000000 00:00 0 
b6a56000-b6aa4000 rwxp 00000000 00:00 0 
b6aa4000-b6ac8000 r-xp 00000000 08:06 539459     /lib/tls/i686/cmov/libm-2.11.1.so
b6ac8000-b6ac9000 r-xp 00023000 08:06 539459     /lib/tls/i686/cmov/libm-2.11.1.so
b6ac9000-b6aca000 rwxp 00024000 08:06 539459     /lib/tls/i686/cmov/libm-2.11.1.so
b6aca000-b71f6000 r-xp 00000000 08:06 1969629    /usr/local/jdk1.6.0_22/jre/lib/i386/server/libjvm.so
b71f6000-b7249000 rwxp 0072c000 08:06 1969629    /usr/local/jdk1.6.0_22/jre/lib/i386/server/libjvm.so
b7249000-b7669000 rwxp 00000000 00:00 0 
b7669000-b77bc000 r-xp 00000000 08:06 539442     /lib/tls/i686/cmov/libc-2.11.1.so
b77bc000-b77bd000 ---p 00153000 08:06 539442     /lib/tls/i686/cmov/libc-2.11.1.so
b77bd000-b77bf000 r-xp 00153000 08:06 539442     /lib/tls/i686/cmov/libc-2.11.1.so
b77bf000-b77c0000 rwxp 00155000 08:06 539442     /lib/tls/i686/cmov/libc-2.11.1.so
b77c0000-b77c3000 rwxp 00000000 00:00 0 
b77c3000-b77c5000 r-xp 00000000 08:06 539458     /lib/tls/i686/cmov/libdl-2.11.1.so
b77c5000-b77c6000 r-xp 00001000 08:06 539458     /lib/tls/i686/cmov/libdl-2.11.1.so
b77c6000-b77c7000 rwxp 00002000 08:06 539458     /lib/tls/i686/cmov/libdl-2.11.1.so
b77c7000-b77ce000 r-xp 00000000 08:06 1969643    /usr/local/jdk1.6.0_22/jre/lib/i386/jli/libjli.so
b77ce000-b77d0000 rwxp 00006000 08:06 1969643    /usr/local/jdk1.6.0_22/jre/lib/i386/jli/libjli.so
b77d0000-b77d1000 rwxp 00000000 00:00 0 
b77d1000-b77e6000 r-xp 00000000 08:06 550650     /lib/tls/i686/cmov/libpthread-2.11.1.so
b77e6000-b77e7000 r-xp 00014000 08:06 550650     /lib/tls/i686/cmov/libpthread-2.11.1.so
b77e7000-b77e8000 rwxp 00015000 08:06 550650     /lib/tls/i686/cmov/libpthread-2.11.1.so
b77e8000-b77ea000 rwxp 00000000 00:00 0 
b77ea000-b77f0000 r-xp 00000000 08:06 1969627    /usr/local/jdk1.6.0_22/jre/lib/i386/native_threads/libhpi.so
b77f0000-b77f1000 rwxp 00006000 08:06 1969627    /usr/local/jdk1.6.0_22/jre/lib/i386/native_threads/libhpi.so
b77f1000-b77f2000 rwxp 00000000 00:00 0 
b77f2000-b77f3000 r-xp 00000000 00:00 0 
b77f3000-b77fe000 r-xp 00000000 08:06 1969640    /usr/local/jdk1.6.0_22/jre/lib/i386/libverify.so
b77fe000-b77ff000 rwxp 0000b000 08:06 1969640    /usr/local/jdk1.6.0_22/jre/lib/i386/libverify.so
b77ff000-b7801000 rwxp 00000000 00:00 0 
b7801000-b7802000 r-xp 00000000 00:00 0          [vdso]
b7802000-b781d000 r-xp 00000000 08:06 524371     /lib/ld-2.11.1.so
b781d000-b781e000 r-xp 0001a000 08:06 524371     /lib/ld-2.11.1.so
b781e000-b781f000 rwxp 0001b000 08:06 524371     /lib/ld-2.11.1.so
bf8a3000-bf8b8000 rwxp 00000000 00:00 0          [stack]

VM Arguments:
jvm_args: -Dfile.encoding=UTF-8 -Xbootclasspath:/home/aneeshpu/tools/android-sdk-linux_x86/platforms/android-10/android.jar 
java_command: org.eclipse.jdt.internal.junit.runner.RemoteTestRunner -version 3 -port 41157 -testLoaderClass org.eclipse.jdt.internal.junit4.runner.JUnit4TestLoader -loaderpluginname org.eclipse.jdt.junit4.runtime -testNameFile /tmp/testNames2140938430585983301.txt
Launcher Type: SUN_STANDARD

Environment Variables:
PATH=/home/aneeshpu/bin:/usr/local/sbin:/usr/local/bin:/usr/sbin:/usr/bin:/sbin:/bin:/usr/games
USERNAME=aneeshpu
LD_LIBRARY_PATH=/usr/local/jdk1.6.0_22/jre/lib/i386/server:/usr/local/jdk1.6.0_22/jre/lib/i386:/usr/local/jdk1.6.0_22/jre/../lib/i386:/usr/local/jdk1.6.0_22/jre/lib/i386/client:/usr/local/jdk1.6.0_22/jre/lib/i386:
SHELL=/bin/bash
DISPLAY=:0.0

Signal Handlers:
SIGSEGV: [libjvm.so+0x6a9f20], sa_mask[0]=0x7ffbfeff, sa_flags=0x10000004
SIGBUS: [libjvm.so+0x6a9f20], sa_mask[0]=0x7ffbfeff, sa_flags=0x10000004
SIGFPE: [libjvm.so+0x5781e0], sa_mask[0]=0x7ffbfeff, sa_flags=0x10000004
SIGPIPE: [libjvm.so+0x5781e0], sa_mask[0]=0x7ffbfeff, sa_flags=0x10000004
SIGXFSZ: [libjvm.so+0x5781e0], sa_mask[0]=0x7ffbfeff, sa_flags=0x10000004
SIGILL: [libjvm.so+0x5781e0], sa_mask[0]=0x7ffbfeff, sa_flags=0x10000004
SIGUSR1: SIG_DFL, sa_mask[0]=0x00000000, sa_flags=0x00000000
SIGUSR2: [libjvm.so+0x57ae20], sa_mask[0]=0x00000004, sa_flags=0x10000004
SIGHUP: SIG_DFL, sa_mask[0]=0x00000000, sa_flags=0x00000000
SIGINT: SIG_DFL, sa_mask[0]=0x00000000, sa_flags=0x00000000
SIGTERM: SIG_DFL, sa_mask[0]=0x00000000, sa_flags=0x00000000
SIGQUIT: SIG_DFL, sa_mask[0]=0x00000000, sa_flags=0x00000000


---------------  S Y S T E M  ---------------

OS:squeeze/sid

uname:Linux 2.6.32-33-generic #72-Ubuntu SMP Fri Jul 29 21:08:37 UTC 2011 i686
libc:glibc 2.11.1 NPTL 2.11.1 
rlimit: STACK 8192k, CORE 0k, NPROC infinity, NOFILE 1024, AS infinity
load average:0.93 0.92 1.43

CPU:total 2 (2 cores per cpu, 1 threads per core) family 6 model 23 stepping 10, cmov, cx8, fxsr, mmx, sse, sse2, sse3, ssse3, sse4.1

Memory: 4k page, physical 3602716k(1568432k free), swap 5000184k(4890008k free)

vm_info: Java HotSpot(TM) Server VM (17.1-b03) for linux-x86 JRE (1.6.0_22-b04), built on Sep 15 2010 01:02:09 by "java_re" with gcc 3.2.1-7a (J2SE release)

time: Sun Aug 28 18:47:07 2011
elapsed time: 0 seconds

