#
# A fatal error has been detected by the Java Runtime Environment:
#
#  Internal Error (classFileParser.cpp:3161), pid=3607, tid=3064236912
#  Error: ShouldNotReachHere()
#
# JRE version: 6.0_22-b04
# Java VM: Java HotSpot(TM) Server VM (17.1-b03 mixed mode linux-x86 )
# If you would like to submit a bug report, please visit:
#   http://java.sun.com/webapps/bugreport/crash.jsp
#

---------------  T H R E A D  ---------------

Current thread (0x09878800):  JavaThread "Unknown thread" [_thread_in_vm, id=3613, stack(0xb69f8000,0xb6a49000)]

Stack: [0xb69f8000,0xb6a49000],  sp=0xb6a47810,  free space=13eb6a49000k
Native frames: (J=compiled Java code, j=interpreted, Vv=VM code, C=native code)
V  [libjvm.so+0x6a92d2]
V  [libjvm.so+0x2b290f]
V  [libjvm.so+0x24d35a]
V  [libjvm.so+0x253371]
V  [libjvm.so+0x63be6f]
V  [libjvm.so+0x63a115]
V  [libjvm.so+0x638fd6]
V  [libjvm.so+0x638c80]
V  [libjvm.so+0x63d5fa]
V  [libjvm.so+0x63d68c]
V  [libjvm.so+0x63d750]
V  [libjvm.so+0x63d539]
V  [libjvm.so+0x682c6a]
V  [libjvm.so+0x6842ef]
V  [libjvm.so+0x36f8ac]
V  [libjvm.so+0x66d06d]
V  [libjvm.so+0x3c75c6]
C  [java+0x305c]
C  [java+0x1942]  JavaMain+0x72
C  [libpthread.so.0+0x596e]


---------------  P R O C E S S  ---------------

Java Threads: ( => current thread )

Other Threads:

=>0x09878800 (exited) JavaThread "Unknown thread" [_thread_in_vm, id=3613, stack(0xb69f8000,0xb6a49000)]

VM state:not at safepoint (not fully initialized)

VM Mutex/Monitor currently owned by a thread: None

Dynamic libraries:
08048000-08052000 r-xp 00000000 08:06 1970864    /usr/local/jdk1.6.0_22/bin/java
08052000-08053000 rwxp 00009000 08:06 1970864    /usr/local/jdk1.6.0_22/bin/java
09872000-098d8000 rwxp 00000000 00:00 0          [heap]
78409000-7847f000 r-xs 00902000 08:06 1979949    /home/aneeshpu/tools/android-sdk-linux_x86/platforms/android-10/android.jar
7847f000-78480000 ---p 00000000 00:00 0 
78480000-78500000 rwxp 00000000 00:00 0 
78500000-78501000 ---p 00000000 00:00 0 
78501000-78589000 rwxp 00000000 00:00 0 
78589000-785a1000 rwxp 00000000 00:00 0 
785a1000-785b4000 rwxp 00000000 00:00 0 
785b4000-786c7000 rwxp 00000000 00:00 0 
786c7000-786cf000 rwxp 00000000 00:00 0 
786cf000-786e7000 rwxp 00000000 00:00 0 
786e7000-786fa000 rwxp 00000000 00:00 0 
786fa000-7880c000 rwxp 00000000 00:00 0 
7880c000-78816000 rwxp 00000000 00:00 0 
78816000-7889f000 rwxp 00000000 00:00 0 
7889f000-798a0000 rwxp 00000000 00:00 0 
798a0000-7c8a0000 rwxp 00000000 00:00 0 
7c8a0000-7ed50000 rwxp 00000000 00:00 0 
7ed50000-a1350000 rwxp 00000000 00:00 0 
a1350000-a25a0000 rwxp 00000000 00:00 0 
a25a0000-b38a0000 rwxp 00000000 00:00 0 
b38af000-b38b8000 rwxp 00000000 00:00 0 
b38b8000-b396f000 rwxp 00000000 00:00 0 
b396f000-b3baf000 rwxp 00000000 00:00 0 
b3baf000-b696f000 rwxp 00000000 00:00 0 
b696f000-b697e000 r-xp 00000000 08:06 1969645    /usr/local/jdk1.6.0_22/jre/lib/i386/libzip.so
b697e000-b6980000 rwxp 0000e000 08:06 1969645    /usr/local/jdk1.6.0_22/jre/lib/i386/libzip.so
b6980000-b698a000 r-xp 00000000 08:06 539465     /lib/tls/i686/cmov/libnss_files-2.11.1.so
b698a000-b698b000 r-xp 00009000 08:06 539465     /lib/tls/i686/cmov/libnss_files-2.11.1.so
b698b000-b698c000 rwxp 0000a000 08:06 539465     /lib/tls/i686/cmov/libnss_files-2.11.1.so
b698c000-b6994000 r-xp 00000000 08:06 539467     /lib/tls/i686/cmov/libnss_nis-2.11.1.so
b6994000-b6995000 r-xp 00007000 08:06 539467     /lib/tls/i686/cmov/libnss_nis-2.11.1.so
b6995000-b6996000 rwxp 00008000 08:06 539467     /lib/tls/i686/cmov/libnss_nis-2.11.1.so
b6996000-b699c000 r-xp 00000000 08:06 539463     /lib/tls/i686/cmov/libnss_compat-2.11.1.so
b699c000-b699d000 r-xp 00006000 08:06 539463     /lib/tls/i686/cmov/libnss_compat-2.11.1.so
b699d000-b699e000 rwxp 00007000 08:06 539463     /lib/tls/i686/cmov/libnss_compat-2.11.1.so
b699e000-b69b1000 r-xp 00000000 08:06 539462     /lib/tls/i686/cmov/libnsl-2.11.1.so
b69b1000-b69b2000 r-xp 00012000 08:06 539462     /lib/tls/i686/cmov/libnsl-2.11.1.so
b69b2000-b69b3000 rwxp 00013000 08:06 539462     /lib/tls/i686/cmov/libnsl-2.11.1.so
b69b3000-b69b5000 rwxp 00000000 00:00 0 
b69c2000-b69ca000 rwxs 00000000 08:06 5653856    /tmp/hsperfdata_aneeshpu/3607
b69ca000-b69ed000 r-xp 00000000 08:06 1969641    /usr/local/jdk1.6.0_22/jre/lib/i386/libjava.so
b69ed000-b69ef000 rwxp 00023000 08:06 1969641    /usr/local/jdk1.6.0_22/jre/lib/i386/libjava.so
b69ef000-b69f6000 r-xp 00000000 08:06 550652     /lib/tls/i686/cmov/librt-2.11.1.so
b69f6000-b69f7000 r-xp 00006000 08:06 550652     /lib/tls/i686/cmov/librt-2.11.1.so
b69f7000-b69f8000 rwxp 00007000 08:06 550652     /lib/tls/i686/cmov/librt-2.11.1.so
b69f8000-b69fb000 ---p 00000000 00:00 0 
b69fb000-b6a49000 rwxp 00000000 00:00 0 
b6a49000-b6a6d000 r-xp 00000000 08:06 539459     /lib/tls/i686/cmov/libm-2.11.1.so
b6a6d000-b6a6e000 r-xp 00023000 08:06 539459     /lib/tls/i686/cmov/libm-2.11.1.so
b6a6e000-b6a6f000 rwxp 00024000 08:06 539459     /lib/tls/i686/cmov/libm-2.11.1.so
b6a6f000-b719b000 r-xp 00000000 08:06 1969629    /usr/local/jdk1.6.0_22/jre/lib/i386/server/libjvm.so
b719b000-b71ee000 rwxp 0072c000 08:06 1969629    /usr/local/jdk1.6.0_22/jre/lib/i386/server/libjvm.so
b71ee000-b760e000 rwxp 00000000 00:00 0 
b760e000-b7761000 r-xp 00000000 08:06 539442     /lib/tls/i686/cmov/libc-2.11.1.so
b7761000-b7762000 ---p 00153000 08:06 539442     /lib/tls/i686/cmov/libc-2.11.1.so
b7762000-b7764000 r-xp 00153000 08:06 539442     /lib/tls/i686/cmov/libc-2.11.1.so
b7764000-b7765000 rwxp 00155000 08:06 539442     /lib/tls/i686/cmov/libc-2.11.1.so
b7765000-b7768000 rwxp 00000000 00:00 0 
b7768000-b776a000 r-xp 00000000 08:06 539458     /lib/tls/i686/cmov/libdl-2.11.1.so
b776a000-b776b000 r-xp 00001000 08:06 539458     /lib/tls/i686/cmov/libdl-2.11.1.so
b776b000-b776c000 rwxp 00002000 08:06 539458     /lib/tls/i686/cmov/libdl-2.11.1.so
b776c000-b7773000 r-xp 00000000 08:06 1969643    /usr/local/jdk1.6.0_22/jre/lib/i386/jli/libjli.so
b7773000-b7775000 rwxp 00006000 08:06 1969643    /usr/local/jdk1.6.0_22/jre/lib/i386/jli/libjli.so
b7775000-b7776000 rwxp 00000000 00:00 0 
b7776000-b778b000 r-xp 00000000 08:06 550650     /lib/tls/i686/cmov/libpthread-2.11.1.so
b778b000-b778c000 r-xp 00014000 08:06 550650     /lib/tls/i686/cmov/libpthread-2.11.1.so
b778c000-b778d000 rwxp 00015000 08:06 550650     /lib/tls/i686/cmov/libpthread-2.11.1.so
b778d000-b778f000 rwxp 00000000 00:00 0 
b778f000-b7795000 r-xp 00000000 08:06 1969627    /usr/local/jdk1.6.0_22/jre/lib/i386/native_threads/libhpi.so
b7795000-b7796000 rwxp 00006000 08:06 1969627    /usr/local/jdk1.6.0_22/jre/lib/i386/native_threads/libhpi.so
b7796000-b7797000 rwxp 00000000 00:00 0 
b7797000-b7798000 r-xp 00000000 00:00 0 
b7798000-b77a3000 r-xp 00000000 08:06 1969640    /usr/local/jdk1.6.0_22/jre/lib/i386/libverify.so
b77a3000-b77a4000 rwxp 0000b000 08:06 1969640    /usr/local/jdk1.6.0_22/jre/lib/i386/libverify.so
b77a4000-b77a6000 rwxp 00000000 00:00 0 
b77a6000-b77a7000 r-xp 00000000 00:00 0          [vdso]
b77a7000-b77c2000 r-xp 00000000 08:06 524371     /lib/ld-2.11.1.so
b77c2000-b77c3000 r-xp 0001a000 08:06 524371     /lib/ld-2.11.1.so
b77c3000-b77c4000 rwxp 0001b000 08:06 524371     /lib/ld-2.11.1.so
bfc33000-bfc48000 rwxp 00000000 00:00 0          [stack]

VM Arguments:
jvm_args: -Dfile.encoding=UTF-8 -Xbootclasspath:/home/aneeshpu/tools/android-sdk-linux_x86/platforms/android-10/android.jar 
java_command: org.eclipse.jdt.internal.junit.runner.RemoteTestRunner -version 3 -port 60887 -testLoaderClass org.eclipse.jdt.internal.junit4.runner.JUnit4TestLoader -loaderpluginname org.eclipse.jdt.junit4.runtime -classNames com.vanhelsing.DocumentTest
Launcher Type: SUN_STANDARD

Environment Variables:
PATH=/home/aneeshpu/bin:/usr/local/sbin:/usr/local/bin:/usr/sbin:/usr/bin:/sbin:/bin:/usr/games
USERNAME=aneeshpu
LD_LIBRARY_PATH=/usr/local/jdk1.6.0_22/jre/lib/i386/server:/usr/local/jdk1.6.0_22/jre/lib/i386:/usr/local/jdk1.6.0_22/jre/../lib/i386:/usr/local/jdk1.6.0_22/jre/lib/i386/client:/usr/local/jdk1.6.0_22/jre/lib/i386:
SHELL=/bin/bash
DISPLAY=:0.0

Signal Handlers:
SIGSEGV: [libjvm.so+0x6a9f20], sa_mask[0]=0x7ffbfeff, sa_flags=0x10000004
SIGBUS: [libjvm.so+0x6a9f20], sa_mask[0]=0x7ffbfeff, sa_flags=0x10000004
SIGFPE: [libjvm.so+0x5781e0], sa_mask[0]=0x7ffbfeff, sa_flags=0x10000004
SIGPIPE: [libjvm.so+0x5781e0], sa_mask[0]=0x7ffbfeff, sa_flags=0x10000004
SIGXFSZ: [libjvm.so+0x5781e0], sa_mask[0]=0x7ffbfeff, sa_flags=0x10000004
SIGILL: [libjvm.so+0x5781e0], sa_mask[0]=0x7ffbfeff, sa_flags=0x10000004
SIGUSR1: SIG_DFL, sa_mask[0]=0x00000000, sa_flags=0x00000000
SIGUSR2: [libjvm.so+0x57ae20], sa_mask[0]=0x00000004, sa_flags=0x10000004
SIGHUP: SIG_DFL, sa_mask[0]=0x00000000, sa_flags=0x00000000
SIGINT: SIG_DFL, sa_mask[0]=0x00000000, sa_flags=0x00000000
SIGTERM: SIG_DFL, sa_mask[0]=0x00000000, sa_flags=0x00000000
SIGQUIT: SIG_DFL, sa_mask[0]=0x00000000, sa_flags=0x00000000


---------------  S Y S T E M  ---------------

OS:squeeze/sid

uname:Linux 2.6.32-33-generic #72-Ubuntu SMP Fri Jul 29 21:08:37 UTC 2011 i686
libc:glibc 2.11.1 NPTL 2.11.1 
rlimit: STACK 8192k, CORE 0k, NPROC infinity, NOFILE 1024, AS infinity
load average:0.69 0.68 0.61

CPU:total 2 (2 cores per cpu, 1 threads per core) family 6 model 23 stepping 10, cmov, cx8, fxsr, mmx, sse, sse2, sse3, ssse3, sse4.1

Memory: 4k page, physical 3602716k(1298348k free), swap 5000184k(5000184k free)

vm_info: Java HotSpot(TM) Server VM (17.1-b03) for linux-x86 JRE (1.6.0_22-b04), built on Sep 15 2010 01:02:09 by "java_re" with gcc 3.2.1-7a (J2SE release)

time: Fri Aug 26 08:50:41 2011
elapsed time: 0 seconds

