#
# A fatal error has been detected by the Java Runtime Environment:
#
#  Internal Error (classFileParser.cpp:3161), pid=3594, tid=3063806832
#  Error: ShouldNotReachHere()
#
# JRE version: 6.0_22-b04
# Java VM: Java HotSpot(TM) Server VM (17.1-b03 mixed mode linux-x86 )
# If you would like to submit a bug report, please visit:
#   http://java.sun.com/webapps/bugreport/crash.jsp
#

---------------  T H R E A D  ---------------

Current thread (0x09a24800):  JavaThread "Unknown thread" [_thread_in_vm, id=3600, stack(0xb698f000,0xb69e0000)]

Stack: [0xb698f000,0xb69e0000],  sp=0xb69de810,  free space=13eb69e0000k
Native frames: (J=compiled Java code, j=interpreted, Vv=VM code, C=native code)
V  [libjvm.so+0x6a92d2]
V  [libjvm.so+0x2b290f]
V  [libjvm.so+0x24d35a]
V  [libjvm.so+0x253371]
V  [libjvm.so+0x63be6f]
V  [libjvm.so+0x63a115]
V  [libjvm.so+0x638fd6]
V  [libjvm.so+0x638c80]
V  [libjvm.so+0x63d5fa]
V  [libjvm.so+0x63d68c]
V  [libjvm.so+0x63d750]
V  [libjvm.so+0x63d539]
V  [libjvm.so+0x682c6a]
V  [libjvm.so+0x6842ef]
V  [libjvm.so+0x36f8ac]
V  [libjvm.so+0x66d06d]
V  [libjvm.so+0x3c75c6]
C  [java+0x305c]
C  [java+0x1942]  JavaMain+0x72
C  [libpthread.so.0+0x596e]


---------------  P R O C E S S  ---------------

Java Threads: ( => current thread )

Other Threads:

=>0x09a24800 (exited) JavaThread "Unknown thread" [_thread_in_vm, id=3600, stack(0xb698f000,0xb69e0000)]

VM state:not at safepoint (not fully initialized)

VM Mutex/Monitor currently owned by a thread: None

Dynamic libraries:
08048000-08052000 r-xp 00000000 08:06 1970864    /usr/local/jdk1.6.0_22/bin/java
08052000-08053000 rwxp 00009000 08:06 1970864    /usr/local/jdk1.6.0_22/bin/java
09a1e000-09a84000 rwxp 00000000 00:00 0          [heap]
783a9000-7841f000 r-xs 00902000 08:06 1979949    /home/aneeshpu/tools/android-sdk-linux_x86/platforms/android-10/android.jar
7841f000-78420000 ---p 00000000 00:00 0 
78420000-784a0000 rwxp 00000000 00:00 0 
784a0000-784a1000 ---p 00000000 00:00 0 
784a1000-78529000 rwxp 00000000 00:00 0 
78529000-78541000 rwxp 00000000 00:00 0 
78541000-78554000 rwxp 00000000 00:00 0 
78554000-78667000 rwxp 00000000 00:00 0 
78667000-7866f000 rwxp 00000000 00:00 0 
7866f000-78687000 rwxp 00000000 00:00 0 
78687000-7869a000 rwxp 00000000 00:00 0 
7869a000-787ac000 rwxp 00000000 00:00 0 
787ac000-787b6000 rwxp 00000000 00:00 0 
787b6000-7883f000 rwxp 00000000 00:00 0 
7883f000-79840000 rwxp 00000000 00:00 0 
79840000-7c840000 rwxp 00000000 00:00 0 
7c840000-7ecf0000 rwxp 00000000 00:00 0 
7ecf0000-a12f0000 rwxp 00000000 00:00 0 
a12f0000-a2540000 rwxp 00000000 00:00 0 
a2540000-b3840000 rwxp 00000000 00:00 0 
b3846000-b384f000 rwxp 00000000 00:00 0 
b384f000-b3906000 rwxp 00000000 00:00 0 
b3906000-b3b46000 rwxp 00000000 00:00 0 
b3b46000-b6906000 rwxp 00000000 00:00 0 
b6906000-b6915000 r-xp 00000000 08:06 1969645    /usr/local/jdk1.6.0_22/jre/lib/i386/libzip.so
b6915000-b6917000 rwxp 0000e000 08:06 1969645    /usr/local/jdk1.6.0_22/jre/lib/i386/libzip.so
b6917000-b6921000 r-xp 00000000 08:06 539465     /lib/tls/i686/cmov/libnss_files-2.11.1.so
b6921000-b6922000 r-xp 00009000 08:06 539465     /lib/tls/i686/cmov/libnss_files-2.11.1.so
b6922000-b6923000 rwxp 0000a000 08:06 539465     /lib/tls/i686/cmov/libnss_files-2.11.1.so
b6923000-b692b000 r-xp 00000000 08:06 539467     /lib/tls/i686/cmov/libnss_nis-2.11.1.so
b692b000-b692c000 r-xp 00007000 08:06 539467     /lib/tls/i686/cmov/libnss_nis-2.11.1.so
b692c000-b692d000 rwxp 00008000 08:06 539467     /lib/tls/i686/cmov/libnss_nis-2.11.1.so
b692d000-b6933000 r-xp 00000000 08:06 539463     /lib/tls/i686/cmov/libnss_compat-2.11.1.so
b6933000-b6934000 r-xp 00006000 08:06 539463     /lib/tls/i686/cmov/libnss_compat-2.11.1.so
b6934000-b6935000 rwxp 00007000 08:06 539463     /lib/tls/i686/cmov/libnss_compat-2.11.1.so
b6935000-b6948000 r-xp 00000000 08:06 539462     /lib/tls/i686/cmov/libnsl-2.11.1.so
b6948000-b6949000 r-xp 00012000 08:06 539462     /lib/tls/i686/cmov/libnsl-2.11.1.so
b6949000-b694a000 rwxp 00013000 08:06 539462     /lib/tls/i686/cmov/libnsl-2.11.1.so
b694a000-b694c000 rwxp 00000000 00:00 0 
b6959000-b6961000 rwxs 00000000 08:06 5653856    /tmp/hsperfdata_aneeshpu/3594
b6961000-b6984000 r-xp 00000000 08:06 1969641    /usr/local/jdk1.6.0_22/jre/lib/i386/libjava.so
b6984000-b6986000 rwxp 00023000 08:06 1969641    /usr/local/jdk1.6.0_22/jre/lib/i386/libjava.so
b6986000-b698d000 r-xp 00000000 08:06 550652     /lib/tls/i686/cmov/librt-2.11.1.so
b698d000-b698e000 r-xp 00006000 08:06 550652     /lib/tls/i686/cmov/librt-2.11.1.so
b698e000-b698f000 rwxp 00007000 08:06 550652     /lib/tls/i686/cmov/librt-2.11.1.so
b698f000-b6992000 ---p 00000000 00:00 0 
b6992000-b69e0000 rwxp 00000000 00:00 0 
b69e0000-b6a04000 r-xp 00000000 08:06 539459     /lib/tls/i686/cmov/libm-2.11.1.so
b6a04000-b6a05000 r-xp 00023000 08:06 539459     /lib/tls/i686/cmov/libm-2.11.1.so
b6a05000-b6a06000 rwxp 00024000 08:06 539459     /lib/tls/i686/cmov/libm-2.11.1.so
b6a06000-b7132000 r-xp 00000000 08:06 1969629    /usr/local/jdk1.6.0_22/jre/lib/i386/server/libjvm.so
b7132000-b7185000 rwxp 0072c000 08:06 1969629    /usr/local/jdk1.6.0_22/jre/lib/i386/server/libjvm.so
b7185000-b75a5000 rwxp 00000000 00:00 0 
b75a5000-b76f8000 r-xp 00000000 08:06 539442     /lib/tls/i686/cmov/libc-2.11.1.so
b76f8000-b76f9000 ---p 00153000 08:06 539442     /lib/tls/i686/cmov/libc-2.11.1.so
b76f9000-b76fb000 r-xp 00153000 08:06 539442     /lib/tls/i686/cmov/libc-2.11.1.so
b76fb000-b76fc000 rwxp 00155000 08:06 539442     /lib/tls/i686/cmov/libc-2.11.1.so
b76fc000-b76ff000 rwxp 00000000 00:00 0 
b76ff000-b7701000 r-xp 00000000 08:06 539458     /lib/tls/i686/cmov/libdl-2.11.1.so
b7701000-b7702000 r-xp 00001000 08:06 539458     /lib/tls/i686/cmov/libdl-2.11.1.so
b7702000-b7703000 rwxp 00002000 08:06 539458     /lib/tls/i686/cmov/libdl-2.11.1.so
b7703000-b770a000 r-xp 00000000 08:06 1969643    /usr/local/jdk1.6.0_22/jre/lib/i386/jli/libjli.so
b770a000-b770c000 rwxp 00006000 08:06 1969643    /usr/local/jdk1.6.0_22/jre/lib/i386/jli/libjli.so
b770c000-b770d000 rwxp 00000000 00:00 0 
b770d000-b7722000 r-xp 00000000 08:06 550650     /lib/tls/i686/cmov/libpthread-2.11.1.so
b7722000-b7723000 r-xp 00014000 08:06 550650     /lib/tls/i686/cmov/libpthread-2.11.1.so
b7723000-b7724000 rwxp 00015000 08:06 550650     /lib/tls/i686/cmov/libpthread-2.11.1.so
b7724000-b7726000 rwxp 00000000 00:00 0 
b7726000-b772c000 r-xp 00000000 08:06 1969627    /usr/local/jdk1.6.0_22/jre/lib/i386/native_threads/libhpi.so
b772c000-b772d000 rwxp 00006000 08:06 1969627    /usr/local/jdk1.6.0_22/jre/lib/i386/native_threads/libhpi.so
b772d000-b772e000 rwxp 00000000 00:00 0 
b772e000-b772f000 r-xp 00000000 00:00 0 
b772f000-b773a000 r-xp 00000000 08:06 1969640    /usr/local/jdk1.6.0_22/jre/lib/i386/libverify.so
b773a000-b773b000 rwxp 0000b000 08:06 1969640    /usr/local/jdk1.6.0_22/jre/lib/i386/libverify.so
b773b000-b773d000 rwxp 00000000 00:00 0 
b773d000-b773e000 r-xp 00000000 00:00 0          [vdso]
b773e000-b7759000 r-xp 00000000 08:06 524371     /lib/ld-2.11.1.so
b7759000-b775a000 r-xp 0001a000 08:06 524371     /lib/ld-2.11.1.so
b775a000-b775b000 rwxp 0001b000 08:06 524371     /lib/ld-2.11.1.so
bffbd000-bffd2000 rwxp 00000000 00:00 0          [stack]

VM Arguments:
jvm_args: -Dfile.encoding=UTF-8 -Xbootclasspath:/home/aneeshpu/tools/android-sdk-linux_x86/platforms/android-10/android.jar 
java_command: org.eclipse.jdt.internal.junit.runner.RemoteTestRunner -version 3 -port 35015 -testLoaderClass org.eclipse.jdt.internal.junit4.runner.JUnit4TestLoader -loaderpluginname org.eclipse.jdt.junit4.runtime -classNames com.vanhelsing.DocumentTest
Launcher Type: SUN_STANDARD

Environment Variables:
PATH=/home/aneeshpu/bin:/usr/local/sbin:/usr/local/bin:/usr/sbin:/usr/bin:/sbin:/bin:/usr/games
USERNAME=aneeshpu
LD_LIBRARY_PATH=/usr/local/jdk1.6.0_22/jre/lib/i386/server:/usr/local/jdk1.6.0_22/jre/lib/i386:/usr/local/jdk1.6.0_22/jre/../lib/i386:/usr/local/jdk1.6.0_22/jre/lib/i386/client:/usr/local/jdk1.6.0_22/jre/lib/i386:
SHELL=/bin/bash
DISPLAY=:0.0

Signal Handlers:
SIGSEGV: [libjvm.so+0x6a9f20], sa_mask[0]=0x7ffbfeff, sa_flags=0x10000004
SIGBUS: [libjvm.so+0x6a9f20], sa_mask[0]=0x7ffbfeff, sa_flags=0x10000004
SIGFPE: [libjvm.so+0x5781e0], sa_mask[0]=0x7ffbfeff, sa_flags=0x10000004
SIGPIPE: [libjvm.so+0x5781e0], sa_mask[0]=0x7ffbfeff, sa_flags=0x10000004
SIGXFSZ: [libjvm.so+0x5781e0], sa_mask[0]=0x7ffbfeff, sa_flags=0x10000004
SIGILL: [libjvm.so+0x5781e0], sa_mask[0]=0x7ffbfeff, sa_flags=0x10000004
SIGUSR1: SIG_DFL, sa_mask[0]=0x00000000, sa_flags=0x00000000
SIGUSR2: [libjvm.so+0x57ae20], sa_mask[0]=0x00000004, sa_flags=0x10000004
SIGHUP: SIG_DFL, sa_mask[0]=0x00000000, sa_flags=0x00000000
SIGINT: SIG_DFL, sa_mask[0]=0x00000000, sa_flags=0x00000000
SIGTERM: SIG_DFL, sa_mask[0]=0x00000000, sa_flags=0x00000000
SIGQUIT: SIG_DFL, sa_mask[0]=0x00000000, sa_flags=0x00000000


---------------  S Y S T E M  ---------------

OS:squeeze/sid

uname:Linux 2.6.32-33-generic #72-Ubuntu SMP Fri Jul 29 21:08:37 UTC 2011 i686
libc:glibc 2.11.1 NPTL 2.11.1 
rlimit: STACK 8192k, CORE 0k, NPROC infinity, NOFILE 1024, AS infinity
load average:0.75 0.69 0.61

CPU:total 2 (2 cores per cpu, 1 threads per core) family 6 model 23 stepping 10, cmov, cx8, fxsr, mmx, sse, sse2, sse3, ssse3, sse4.1

Memory: 4k page, physical 3602716k(1298756k free), swap 5000184k(5000184k free)

vm_info: Java HotSpot(TM) Server VM (17.1-b03) for linux-x86 JRE (1.6.0_22-b04), built on Sep 15 2010 01:02:09 by "java_re" with gcc 3.2.1-7a (J2SE release)

time: Fri Aug 26 08:50:34 2011
elapsed time: 0 seconds

