#
# A fatal error has been detected by the Java Runtime Environment:
#
#  Internal Error (classFileParser.cpp:3161), pid=3486, tid=3065138032
#  Error: ShouldNotReachHere()
#
# JRE version: 6.0_22-b04
# Java VM: Java HotSpot(TM) Server VM (17.1-b03 mixed mode linux-x86 )
# If you would like to submit a bug report, please visit:
#   http://java.sun.com/webapps/bugreport/crash.jsp
#

---------------  T H R E A D  ---------------

Current thread (0x09531800):  JavaThread "Unknown thread" [_thread_in_vm, id=3489, stack(0xb6ad4000,0xb6b25000)]

Stack: [0xb6ad4000,0xb6b25000],  sp=0xb6b23810,  free space=13eb6b25000k
Native frames: (J=compiled Java code, j=interpreted, Vv=VM code, C=native code)
V  [libjvm.so+0x6a92d2]
V  [libjvm.so+0x2b290f]
V  [libjvm.so+0x24d35a]
V  [libjvm.so+0x253371]
V  [libjvm.so+0x63be6f]
V  [libjvm.so+0x63a115]
V  [libjvm.so+0x638fd6]
V  [libjvm.so+0x638c80]
V  [libjvm.so+0x63d5fa]
V  [libjvm.so+0x63d68c]
V  [libjvm.so+0x63d750]
V  [libjvm.so+0x63d539]
V  [libjvm.so+0x682c6a]
V  [libjvm.so+0x6842ef]
V  [libjvm.so+0x36f8ac]
V  [libjvm.so+0x66d06d]
V  [libjvm.so+0x3c75c6]
C  [java+0x305c]
C  [java+0x1942]  JavaMain+0x72
C  [libpthread.so.0+0x596e]


---------------  P R O C E S S  ---------------

Java Threads: ( => current thread )

Other Threads:

=>0x09531800 (exited) JavaThread "Unknown thread" [_thread_in_vm, id=3489, stack(0xb6ad4000,0xb6b25000)]

VM state:not at safepoint (not fully initialized)

VM Mutex/Monitor currently owned by a thread: None

Dynamic libraries:
08048000-08052000 r-xp 00000000 08:06 1970864    /usr/local/jdk1.6.0_22/bin/java
08052000-08053000 rwxp 00009000 08:06 1970864    /usr/local/jdk1.6.0_22/bin/java
0952b000-0959f000 rwxp 00000000 00:00 0          [heap]
784e9000-7855f000 r-xs 00902000 08:06 1979949    /home/aneeshpu/tools/android-sdk-linux_x86/platforms/android-10/android.jar
7855f000-78560000 ---p 00000000 00:00 0 
78560000-785e0000 rwxp 00000000 00:00 0 
785e0000-785e1000 ---p 00000000 00:00 0 
785e1000-78669000 rwxp 00000000 00:00 0 
78669000-78681000 rwxp 00000000 00:00 0 
78681000-78694000 rwxp 00000000 00:00 0 
78694000-787a7000 rwxp 00000000 00:00 0 
787a7000-787af000 rwxp 00000000 00:00 0 
787af000-787c7000 rwxp 00000000 00:00 0 
787c7000-787da000 rwxp 00000000 00:00 0 
787da000-788ec000 rwxp 00000000 00:00 0 
788ec000-788f6000 rwxp 00000000 00:00 0 
788f6000-7897f000 rwxp 00000000 00:00 0 
7897f000-79980000 rwxp 00000000 00:00 0 
79980000-7c980000 rwxp 00000000 00:00 0 
7c980000-7ee30000 rwxp 00000000 00:00 0 
7ee30000-a1430000 rwxp 00000000 00:00 0 
a1430000-a2680000 rwxp 00000000 00:00 0 
a2680000-b3980000 rwxp 00000000 00:00 0 
b398b000-b3994000 rwxp 00000000 00:00 0 
b3994000-b3a4b000 rwxp 00000000 00:00 0 
b3a4b000-b3c8b000 rwxp 00000000 00:00 0 
b3c8b000-b6a4b000 rwxp 00000000 00:00 0 
b6a4b000-b6a5a000 r-xp 00000000 08:06 1969645    /usr/local/jdk1.6.0_22/jre/lib/i386/libzip.so
b6a5a000-b6a5c000 rwxp 0000e000 08:06 1969645    /usr/local/jdk1.6.0_22/jre/lib/i386/libzip.so
b6a5c000-b6a66000 r-xp 00000000 08:06 539465     /lib/tls/i686/cmov/libnss_files-2.11.1.so
b6a66000-b6a67000 r-xp 00009000 08:06 539465     /lib/tls/i686/cmov/libnss_files-2.11.1.so
b6a67000-b6a68000 rwxp 0000a000 08:06 539465     /lib/tls/i686/cmov/libnss_files-2.11.1.so
b6a68000-b6a70000 r-xp 00000000 08:06 539467     /lib/tls/i686/cmov/libnss_nis-2.11.1.so
b6a70000-b6a71000 r-xp 00007000 08:06 539467     /lib/tls/i686/cmov/libnss_nis-2.11.1.so
b6a71000-b6a72000 rwxp 00008000 08:06 539467     /lib/tls/i686/cmov/libnss_nis-2.11.1.so
b6a72000-b6a78000 r-xp 00000000 08:06 539463     /lib/tls/i686/cmov/libnss_compat-2.11.1.so
b6a78000-b6a79000 r-xp 00006000 08:06 539463     /lib/tls/i686/cmov/libnss_compat-2.11.1.so
b6a79000-b6a7a000 rwxp 00007000 08:06 539463     /lib/tls/i686/cmov/libnss_compat-2.11.1.so
b6a7a000-b6a8d000 r-xp 00000000 08:06 539462     /lib/tls/i686/cmov/libnsl-2.11.1.so
b6a8d000-b6a8e000 r-xp 00012000 08:06 539462     /lib/tls/i686/cmov/libnsl-2.11.1.so
b6a8e000-b6a8f000 rwxp 00013000 08:06 539462     /lib/tls/i686/cmov/libnsl-2.11.1.so
b6a8f000-b6a91000 rwxp 00000000 00:00 0 
b6a9e000-b6aa6000 rwxs 00000000 08:06 5653855    /tmp/hsperfdata_aneeshpu/3486
b6aa6000-b6ac9000 r-xp 00000000 08:06 1969641    /usr/local/jdk1.6.0_22/jre/lib/i386/libjava.so
b6ac9000-b6acb000 rwxp 00023000 08:06 1969641    /usr/local/jdk1.6.0_22/jre/lib/i386/libjava.so
b6acb000-b6ad2000 r-xp 00000000 08:06 550652     /lib/tls/i686/cmov/librt-2.11.1.so
b6ad2000-b6ad3000 r-xp 00006000 08:06 550652     /lib/tls/i686/cmov/librt-2.11.1.so
b6ad3000-b6ad4000 rwxp 00007000 08:06 550652     /lib/tls/i686/cmov/librt-2.11.1.so
b6ad4000-b6ad7000 ---p 00000000 00:00 0 
b6ad7000-b6b25000 rwxp 00000000 00:00 0 
b6b25000-b6b49000 r-xp 00000000 08:06 539459     /lib/tls/i686/cmov/libm-2.11.1.so
b6b49000-b6b4a000 r-xp 00023000 08:06 539459     /lib/tls/i686/cmov/libm-2.11.1.so
b6b4a000-b6b4b000 rwxp 00024000 08:06 539459     /lib/tls/i686/cmov/libm-2.11.1.so
b6b4b000-b7277000 r-xp 00000000 08:06 1969629    /usr/local/jdk1.6.0_22/jre/lib/i386/server/libjvm.so
b7277000-b72ca000 rwxp 0072c000 08:06 1969629    /usr/local/jdk1.6.0_22/jre/lib/i386/server/libjvm.so
b72ca000-b76ea000 rwxp 00000000 00:00 0 
b76ea000-b783d000 r-xp 00000000 08:06 539442     /lib/tls/i686/cmov/libc-2.11.1.so
b783d000-b783e000 ---p 00153000 08:06 539442     /lib/tls/i686/cmov/libc-2.11.1.so
b783e000-b7840000 r-xp 00153000 08:06 539442     /lib/tls/i686/cmov/libc-2.11.1.so
b7840000-b7841000 rwxp 00155000 08:06 539442     /lib/tls/i686/cmov/libc-2.11.1.so
b7841000-b7844000 rwxp 00000000 00:00 0 
b7844000-b7846000 r-xp 00000000 08:06 539458     /lib/tls/i686/cmov/libdl-2.11.1.so
b7846000-b7847000 r-xp 00001000 08:06 539458     /lib/tls/i686/cmov/libdl-2.11.1.so
b7847000-b7848000 rwxp 00002000 08:06 539458     /lib/tls/i686/cmov/libdl-2.11.1.so
b7848000-b784f000 r-xp 00000000 08:06 1969643    /usr/local/jdk1.6.0_22/jre/lib/i386/jli/libjli.so
b784f000-b7851000 rwxp 00006000 08:06 1969643    /usr/local/jdk1.6.0_22/jre/lib/i386/jli/libjli.so
b7851000-b7852000 rwxp 00000000 00:00 0 
b7852000-b7867000 r-xp 00000000 08:06 550650     /lib/tls/i686/cmov/libpthread-2.11.1.so
b7867000-b7868000 r-xp 00014000 08:06 550650     /lib/tls/i686/cmov/libpthread-2.11.1.so
b7868000-b7869000 rwxp 00015000 08:06 550650     /lib/tls/i686/cmov/libpthread-2.11.1.so
b7869000-b786b000 rwxp 00000000 00:00 0 
b786b000-b7871000 r-xp 00000000 08:06 1969627    /usr/local/jdk1.6.0_22/jre/lib/i386/native_threads/libhpi.so
b7871000-b7872000 rwxp 00006000 08:06 1969627    /usr/local/jdk1.6.0_22/jre/lib/i386/native_threads/libhpi.so
b7872000-b7873000 rwxp 00000000 00:00 0 
b7873000-b7874000 r-xp 00000000 00:00 0 
b7874000-b787f000 r-xp 00000000 08:06 1969640    /usr/local/jdk1.6.0_22/jre/lib/i386/libverify.so
b787f000-b7880000 rwxp 0000b000 08:06 1969640    /usr/local/jdk1.6.0_22/jre/lib/i386/libverify.so
b7880000-b7882000 rwxp 00000000 00:00 0 
b7882000-b7883000 r-xp 00000000 00:00 0          [vdso]
b7883000-b789e000 r-xp 00000000 08:06 524371     /lib/ld-2.11.1.so
b789e000-b789f000 r-xp 0001a000 08:06 524371     /lib/ld-2.11.1.so
b789f000-b78a0000 rwxp 0001b000 08:06 524371     /lib/ld-2.11.1.so
bffaa000-bffbf000 rwxp 00000000 00:00 0          [stack]

VM Arguments:
jvm_args: -Dfile.encoding=UTF-8 -Xbootclasspath:/home/aneeshpu/tools/android-sdk-linux_x86/platforms/android-10/android.jar 
java_command: org.eclipse.jdt.internal.junit.runner.RemoteTestRunner -version 3 -port 53050 -testLoaderClass org.eclipse.jdt.internal.junit4.runner.JUnit4TestLoader -loaderpluginname org.eclipse.jdt.junit4.runtime -classNames com.vanhelsing.DocumentTest
Launcher Type: SUN_STANDARD

Environment Variables:
PATH=/home/aneeshpu/bin:/usr/local/sbin:/usr/local/bin:/usr/sbin:/usr/bin:/sbin:/bin:/usr/games
USERNAME=aneeshpu
LD_LIBRARY_PATH=/usr/local/jdk1.6.0_22/jre/lib/i386/server:/usr/local/jdk1.6.0_22/jre/lib/i386:/usr/local/jdk1.6.0_22/jre/../lib/i386:/usr/local/jdk1.6.0_22/jre/lib/i386/client:/usr/local/jdk1.6.0_22/jre/lib/i386:
SHELL=/bin/bash
DISPLAY=:0.0

Signal Handlers:
SIGSEGV: [libjvm.so+0x6a9f20], sa_mask[0]=0x7ffbfeff, sa_flags=0x10000004
SIGBUS: [libjvm.so+0x6a9f20], sa_mask[0]=0x7ffbfeff, sa_flags=0x10000004
SIGFPE: [libjvm.so+0x5781e0], sa_mask[0]=0x7ffbfeff, sa_flags=0x10000004
SIGPIPE: [libjvm.so+0x5781e0], sa_mask[0]=0x7ffbfeff, sa_flags=0x10000004
SIGXFSZ: [libjvm.so+0x5781e0], sa_mask[0]=0x7ffbfeff, sa_flags=0x10000004
SIGILL: [libjvm.so+0x5781e0], sa_mask[0]=0x7ffbfeff, sa_flags=0x10000004
SIGUSR1: SIG_DFL, sa_mask[0]=0x00000000, sa_flags=0x00000000
SIGUSR2: [libjvm.so+0x57ae20], sa_mask[0]=0x00000004, sa_flags=0x10000004
SIGHUP: SIG_DFL, sa_mask[0]=0x00000000, sa_flags=0x00000000
SIGINT: SIG_DFL, sa_mask[0]=0x00000000, sa_flags=0x00000000
SIGTERM: SIG_DFL, sa_mask[0]=0x00000000, sa_flags=0x00000000
SIGQUIT: SIG_DFL, sa_mask[0]=0x00000000, sa_flags=0x00000000


---------------  S Y S T E M  ---------------

OS:squeeze/sid

uname:Linux 2.6.32-33-generic #72-Ubuntu SMP Fri Jul 29 21:08:37 UTC 2011 i686
libc:glibc 2.11.1 NPTL 2.11.1 
rlimit: STACK 8192k, CORE 0k, NPROC infinity, NOFILE 1024, AS infinity
load average:1.00 0.76 0.61

CPU:total 2 (2 cores per cpu, 1 threads per core) family 6 model 23 stepping 10, cmov, cx8, fxsr, mmx, sse, sse2, sse3, ssse3, sse4.1

Memory: 4k page, physical 3602716k(1302560k free), swap 5000184k(5000184k free)

vm_info: Java HotSpot(TM) Server VM (17.1-b03) for linux-x86 JRE (1.6.0_22-b04), built on Sep 15 2010 01:02:09 by "java_re" with gcc 3.2.1-7a (J2SE release)

time: Fri Aug 26 08:46:43 2011
elapsed time: 0 seconds

